#
# There is insufficient memory for the Java Runtime Environment to continue.
# Native memory allocation (mmap) failed to map 266338304 bytes for G1 virtual space
# Possible reasons:
#   The system is out of physical RAM or swap space
#   The process is running with CompressedOops enabled, and the Java Heap may be blocking the growth of the native heap
# Possible solutions:
#   Reduce memory load on the system
#   Increase physical memory or swap space
#   Check if swap backing store is full
#   Decrease Java heap size (-Xmx/-Xms)
#   Decrease number of Java threads
#   Decrease Java thread stack sizes (-Xss)
#   Set larger code cache with -XX:ReservedCodeCacheSize=
#   JVM is running with Unscaled Compressed Oops mode in which the Java heap is
#     placed in the first 4GB address space. The Java Heap base address is the
#     maximum limit for the native heap growth. Please use -XX:HeapBaseMinAddress
#     to set the Java Heap base and to place the Java Heap above 4GB virtual address.
# This output file may be truncated or incomplete.
#
#  Out of Memory Error (os_windows.cpp:3600), pid=122848, tid=67640
#
# JRE version:  (21.0.2+13) (build )
# Java VM: OpenJDK 64-Bit Server VM (21.0.2+13-58, mixed mode, sharing, tiered, compressed oops, compressed class ptrs, g1 gc, windows-amd64)
# No core dump will be written. Minidumps are not enabled by default on client versions of Windows
#

---------------  S U M M A R Y ------------

Command Line: -Dorg.gradle.internal.worker.tmpdir=C:\Users\wlsrl\Desktop\Java Study\jdbc\build\tmp\test\work -Dorg.gradle.native=false -Xmx512m -Dfile.encoding=UTF-8 -Duser.country=US -Duser.language=en -Duser.variant -ea worker.org.gradle.process.internal.worker.GradleWorkerMain 'Gradle Test Executor 20'

Host: 12th Gen Intel(R) Core(TM) i5-12400F, 12 cores, 15G,  Windows 11 , 64 bit Build 22621 (10.0.22621.3085)
Time: Fri Feb 23 15:35:36 2024  Windows 11 , 64 bit Build 22621 (10.0.22621.3085) elapsed time: 0.012322 seconds (0d 0h 0m 0s)

---------------  T H R E A D  ---------------

Current thread (0x000001fea597f370):  JavaThread "Unknown thread" [_thread_in_vm, id=67640, stack(0x000000a4dcd00000,0x000000a4dce00000) (1024K)]

Stack: [0x000000a4dcd00000,0x000000a4dce00000]
Native frames: (J=compiled Java code, j=interpreted, Vv=VM code, C=native code)
V  [jvm.dll+0x6cade9]
V  [jvm.dll+0x8569c1]
V  [jvm.dll+0x858d2e]
V  [jvm.dll+0x859413]
V  [jvm.dll+0x280e56]
V  [jvm.dll+0x6c74d5]
V  [jvm.dll+0x6bbeca]
V  [jvm.dll+0x355bca]
V  [jvm.dll+0x35d816]
V  [jvm.dll+0x3ae67e]
V  [jvm.dll+0x3ae928]
V  [jvm.dll+0x3295dc]
V  [jvm.dll+0x32a16b]
V  [jvm.dll+0x81efa9]
V  [jvm.dll+0x3bba01]
V  [jvm.dll+0x807928]
V  [jvm.dll+0x44f50e]
V  [jvm.dll+0x450e11]
C  [jli.dll+0x52a3]
C  [ucrtbase.dll+0x29363]
C  [KERNEL32.DLL+0x1257d]
C  [ntdll.dll+0x5aa58]


---------------  P R O C E S S  ---------------

Threads class SMR info:
_java_thread_list=0x00007fffab37bb88, length=0, elements={
}

Java Threads: ( => current thread )
Total: 0

Other Threads:
  0x000001fea59ad150 WorkerThread "GC Thread#0"                     [id=126916, stack(0x000000a4dce00000,0x000000a4dcf00000) (1024K)]
  0x000001fea59b2130 ConcurrentGCThread "G1 Main Marker"            [id=128292, stack(0x000000a4dcf00000,0x000000a4dd000000) (1024K)]
  0x000001fea59b2de0 WorkerThread "G1 Conc#0"                       [id=125940, stack(0x000000a4dd000000,0x000000a4dd100000) (1024K)]

[error occurred during error reporting (printing all threads), id 0xc0000005, EXCEPTION_ACCESS_VIOLATION (0xc0000005) at pc=0x00007fffaaaec6a7]
VM state: not at safepoint (not fully initialized)

VM Mutex/Monitor currently owned by a thread:  ([mutex/lock_event])
[0x00007fffab3ece68] Heap_lock - owner thread: 0x000001fea597f370

Heap address: 0x00000000e0000000, size: 512 MB, Compressed Oops mode: 32-bit

CDS archive(s) mapped at: [0x0000000000000000-0x0000000000000000-0x0000000000000000), size 0, SharedBaseAddress: 0x0000000800000000, ArchiveRelocationMode: 1.
Narrow klass base: 0x0000000000000000, Narrow klass shift: 0, Narrow klass range: 0x0

GC Precious Log:
 CardTable entry size: 512
 Card Set container configuration: InlinePtr #cards 5 size 8 Array Of Cards #cards 12 size 40 Howl #buckets 4 coarsen threshold 1843 Howl Bitmap #cards 512 size 80 coarsen threshold 460 Card regions per heap region 1 cards per card region 2048

Heap:
 garbage-first heap   total 0K, used 0K [0x00000000e0000000, 0x0000000100000000)
  region size 1024K, 0 young (0K), 0 survivors (0K)

[error occurred during error reporting (printing heap information), id 0xc0000005, EXCEPTION_ACCESS_VIOLATION (0xc0000005) at pc=0x00007fffaaed39f9]
GC Heap History (0 events):
No events

Dll operation events (1 events):
Event: 0.009 Loaded shared library C:\Users\wlsrl\.jdks\openjdk-21.0.2\bin\java.dll

Deoptimization events (0 events):
No events

Classes loaded (0 events):
No events

Classes unloaded (0 events):
No events

Classes redefined (0 events):
No events

Internal exceptions (0 events):
No events

ZGC Phase Switch (0 events):
No events

VM Operations (0 events):
No events

Events (0 events):
No events


Dynamic libraries:
0x00007ff7a4100000 - 0x00007ff7a410e000 	C:\Users\wlsrl\.jdks\openjdk-21.0.2\bin\java.exe
0x00007ff82f5d0000 - 0x00007ff82f7e7000 	C:\WINDOWS\SYSTEM32\ntdll.dll
0x00007ff82e7b0000 - 0x00007ff82e874000 	C:\WINDOWS\System32\KERNEL32.DLL
0x00007ff82cc40000 - 0x00007ff82cfe6000 	C:\WINDOWS\System32\KERNELBASE.dll
0x00007ff82d0e0000 - 0x00007ff82d1f1000 	C:\WINDOWS\System32\ucrtbase.dll
0x00007fffe6730000 - 0x00007fffe6748000 	C:\Users\wlsrl\.jdks\openjdk-21.0.2\bin\jli.dll
0x00007fffe6fd0000 - 0x00007fffe6feb000 	C:\Users\wlsrl\.jdks\openjdk-21.0.2\bin\VCRUNTIME140.dll
0x00007ff82f330000 - 0x00007ff82f4de000 	C:\WINDOWS\System32\USER32.dll
0x00007ff82cff0000 - 0x00007ff82d016000 	C:\WINDOWS\System32\win32u.dll
0x00007ff82ea30000 - 0x00007ff82ea59000 	C:\WINDOWS\System32\GDI32.dll
0x00007ff816210000 - 0x00007ff8164a3000 	C:\WINDOWS\WinSxS\amd64_microsoft.windows.common-controls_6595b64144ccf1df_6.0.22621.2506_none_270c5ae97388e100\COMCTL32.dll
0x00007ff82c910000 - 0x00007ff82ca28000 	C:\WINDOWS\System32\gdi32full.dll
0x00007ff82f090000 - 0x00007ff82f137000 	C:\WINDOWS\System32\msvcrt.dll
0x00007ff82d280000 - 0x00007ff82d31a000 	C:\WINDOWS\System32\msvcp_win.dll
0x00007ff82f050000 - 0x00007ff82f081000 	C:\WINDOWS\System32\IMM32.DLL
0x00007ff80a8e0000 - 0x00007ff80a8ec000 	C:\Users\wlsrl\.jdks\openjdk-21.0.2\bin\vcruntime140_1.dll
0x00007fffd9520000 - 0x00007fffd95ae000 	C:\Users\wlsrl\.jdks\openjdk-21.0.2\bin\msvcp140.dll
0x00007fffaa7b0000 - 0x00007fffab4c7000 	C:\Users\wlsrl\.jdks\openjdk-21.0.2\bin\server\jvm.dll
0x00007ff82e6f0000 - 0x00007ff82e7a3000 	C:\WINDOWS\System32\ADVAPI32.dll
0x00007ff82ed40000 - 0x00007ff82ede8000 	C:\WINDOWS\System32\sechost.dll
0x00007ff82cc10000 - 0x00007ff82cc38000 	C:\WINDOWS\System32\bcrypt.dll
0x00007ff82ec20000 - 0x00007ff82ed37000 	C:\WINDOWS\System32\RPCRT4.dll
0x00007ff82f140000 - 0x00007ff82f1b1000 	C:\WINDOWS\System32\WS2_32.dll
0x00007ff82be20000 - 0x00007ff82be6d000 	C:\WINDOWS\SYSTEM32\POWRPROF.dll
0x00007ff824f30000 - 0x00007ff824f3a000 	C:\WINDOWS\SYSTEM32\VERSION.dll
0x00007ff8240f0000 - 0x00007ff824124000 	C:\WINDOWS\SYSTEM32\WINMM.dll
0x00007ff82bd60000 - 0x00007ff82bd73000 	C:\WINDOWS\SYSTEM32\UMPDC.dll
0x00007ff82b910000 - 0x00007ff82b928000 	C:\WINDOWS\SYSTEM32\kernel.appcore.dll
0x00007ff809bd0000 - 0x00007ff809bda000 	C:\Users\wlsrl\.jdks\openjdk-21.0.2\bin\jimage.dll
0x00007ff824510000 - 0x00007ff824743000 	C:\WINDOWS\SYSTEM32\DBGHELP.DLL
0x00007ff82e360000 - 0x00007ff82e6e9000 	C:\WINDOWS\System32\combase.dll
0x00007ff82de00000 - 0x00007ff82ded7000 	C:\WINDOWS\System32\OLEAUT32.dll
0x00007ff8241e0000 - 0x00007ff824212000 	C:\WINDOWS\SYSTEM32\dbgcore.DLL
0x00007ff82d200000 - 0x00007ff82d27a000 	C:\WINDOWS\System32\bcryptPrimitives.dll
0x00007ffff2fb0000 - 0x00007ffff2fcf000 	C:\Users\wlsrl\.jdks\openjdk-21.0.2\bin\java.dll

dbghelp: loaded successfully - version: 4.0.5 - missing functions: none
symbol engine: initialized successfully - sym options: 0x614 - pdb path: .;C:\Users\wlsrl\.jdks\openjdk-21.0.2\bin;C:\WINDOWS\SYSTEM32;C:\WINDOWS\WinSxS\amd64_microsoft.windows.common-controls_6595b64144ccf1df_6.0.22621.2506_none_270c5ae97388e100;C:\Users\wlsrl\.jdks\openjdk-21.0.2\bin\server

VM Arguments:
jvm_args: -Dorg.gradle.internal.worker.tmpdir=C:\Users\wlsrl\Desktop\Java Study\jdbc\build\tmp\test\work -Dorg.gradle.native=false -Xmx512m -Dfile.encoding=UTF-8 -Duser.country=US -Duser.language=en -Duser.variant -ea 
java_command: worker.org.gradle.process.internal.worker.GradleWorkerMain 'Gradle Test Executor 20'
java_class_path (initial): C:\Users\wlsrl\.gradle\caches\8.5\workerMain\gradle-worker.jar;C:\Users\wlsrl\Desktop\Java Study\jdbc\build\classes\java\test;C:\Users\wlsrl\Desktop\Java Study\jdbc\build\classes\java\main;C:\Users\wlsrl\Desktop\Java Study\jdbc\build\resources\main;C:\Users\wlsrl\.gradle\caches\modules-2\files-2.1\org.springframework.boot\spring-boot-starter-jdbc\3.2.2\22ffda6938dca5f584c8b1b64e4e9096e8302c1e\spring-boot-starter-jdbc-3.2.2.jar;C:\Users\wlsrl\.gradle\caches\modules-2\files-2.1\com.h2database\h2\2.2.224\7bdade27d8cd197d9b5ce9dc251f41d2edc5f7ad\h2-2.2.224.jar;C:\Users\wlsrl\.gradle\caches\modules-2\files-2.1\org.springframework.boot\spring-boot-starter-test\3.2.2\8785ad456a809e3eec319d7bbb36c3e971abd00f\spring-boot-starter-test-3.2.2.jar;C:\Users\wlsrl\.gradle\caches\modules-2\files-2.1\org.springframework.boot\spring-boot-starter\3.2.2\dc04714f9295297f92fa8099eb51edc54dbe67db\spring-boot-starter-3.2.2.jar;C:\Users\wlsrl\.gradle\caches\modules-2\files-2.1\com.zaxxer\HikariCP\5.0.1\a74c7f0a37046846e88d54f7cb6ea6d565c65f9c\HikariCP-5.0.1.jar;C:\Users\wlsrl\.gradle\caches\modules-2\files-2.1\org.springframework\spring-jdbc\6.1.3\be4b30cc956b26f13e04ccadc2b0575038c531bb\spring-jdbc-6.1.3.jar;C:\Users\wlsrl\.gradle\caches\modules-2\files-2.1\org.springframework.boot\spring-boot-test-autoconfigure\3.2.2\3413e663b2e3e005db07a60883ac6cd01b0dc0c\spring-boot-test-autoconfigure-3.2.2.jar;C:\Users\wlsrl\.gradle\caches\modules-2\files-2.1\org.springframework.boot\spring-boot-test\3.2.2\9e76de9c9f520865c5d62588323f018a9d4e9077\spring-boot-test-3.2.2.jar;C:\Users\wlsrl\.gradle\caches\modules-2\files-2.1\com.jayway.jsonpath\json-path\2.8.0\b4ab3b7a9e425655a0ca65487bbbd6d7ddb75160\json-path-2.8.0.jar;C:\Users\wlsrl\.gradle\caches\modules-2\files-2.1\jakarta.xml.bind\jakarta.xml.bind-api\4.0.1\ca2330866cbc624c7e5ce982e121db1125d23e15\jakarta.xml.bind-api-4.0.1.jar;C:\Users\wlsrl\.gradle\caches\modules-2\files-2.1\net.minidev\json-smart\2.5.0\57a64f421b472849c40e77d2e7cce3a141b41e99\json-smart-2.5.0.jar;C:\Users\wlsrl\.gradle\caches\modules-2\files-2.1\org.assertj\assertj-core\3.24.2\ebbf338e33f893139459ce5df023115971c2786f\assertj-core-3.24.2.jar;C:\Users\wlsrl\.gradle\caches\modules-2\files-2.1\org.awaitility\awaitility\4.2.0\2c39784846001a9cffd6c6b89c78de62c0d80fb8\awaitility-4.2.0.jar;C:\Users\wlsrl\.gradle\caches\modules-2\files-2.1\org.hamcrest\hamcrest\2.2\1820c0968dba3a11a1b30669bb1f01978a91dedc\hamcrest-2.2.jar;C:\Users\wlsrl\.gradle\caches\modules-2\files-2.1\org.mockito\mockito-junit-jupiter\5.7.0\ac2d6a3431747a7986b8f4abef465f72bf3a21ae\mockito-junit-jupiter-5.7.0.jar;C:\Users\wlsrl\.gradle\caches\modules-2\files-2.1\org.junit.jupiter\junit-jupiter-params\5.10.1\c8f15d4e99940c4564098af78c10809c00fdca06\junit-jupiter-params-5.10.1.jar;C:\Users\wlsrl\.gradle\caches\modules-2\files-2.1\org.junit.jupiter\junit-jupiter-engine\5.10.1\6c9ff773f9aa842b91d1f2fe4658973252ce2428\junit-jupiter-engine-5.10.1.jar;C:\Users\wlsrl\.gradle\caches\modules-2\files-2.1\org.junit.jupiter\junit-jupiter-api\5.10.1\eb90c7d8bfaae8fdc97b225733fcb595ddd72843\junit-jupiter-api-5.10.1.jar;C:\Users\wlsrl\.gradle\caches\modules-2\files-2.1\org.junit.platform\junit-platform-engine\1.10.1\f32ae4af74fde68414b8a3d2b7cf1fb43824a83a\junit-platform-engine-1.10.1.jar;C:\Users\wlsrl\.gradle\caches\modules-2\files-2.1\org.junit.platform\junit-platform-commons\1.10.1\2bfcd4a4e38b10c671b6916d7e543c20afe25579\junit-platform-commons-1.10.1.jar;C:\Users\wlsrl\.gradle\caches\modules-2\files-2.1\org.junit.jupiter\junit-jupiter\5.10.1\6e5c7dd668d6349cb99e52ab8321e73479a309bc\junit-jupiter-5.10.1.jar;C:\Users\wlsrl\.gradle\caches\modules-2\files-2.1\org.mockito\mockito-core\5.7.0\a1c258331ab91d66863c983aff7136357e9de056\mockito-core-5.7.0.jar;C:\Users\wlsrl\.gradle\caches\modules-2\files-2.1\org.skyscreamer\jsonassert\1.5.1\6d842d0faf4cf6725c509a5e5347d319ee0431c3\jsonassert-1.5.1.jar;C:\Users\wlsrl\.gradle\caches\modules-2\files-2.1\org.springframework\spring-test\6.1.3\193a0c6c53a4eed98a1d7567e952647a92cf53aa\spring-test-6.1.3.jar;C:\Users\wlsrl\.gradle\caches\modules-2\files-2.1\org.springframework.boot\spring-boot-autoconfigure\3.2.2\5c407409f8d260a4bc6e173d16fc3b36e6adec21\spring-boot-autoconfigure-3.2.2.jar;C:\Users\wlsrl\.gradle\caches\modules-2\files-2.1\org.springframework.boot\spring-boot\3.2.2\9f274d1bd822c4c57bb5b37ecae2380b980f567\spring-boot-3.2.2.jar;C:\Users\wlsrl\.gradle\caches\modules-2\files-2.1\org.springframework\spring-tx\6.1.3\7750337bf46a2ff248685915c7cc88d3bef2f666\spring-tx-6.1.3.jar;C:\Users\wlsrl\.gradle\caches\modules-2\files-2.1\org.springframework\spring-context\6.1.3\c63f038933701058fd7578460c66dbe2d424915\spring-context-6.1.3.jar;C:\Users\wlsrl\.gradle\caches\modules-2\files-2.1\org.springframework\spring-aop\6.1.3\4d9bd4bd9b8bedf9ef151b45c79766b336117b9a\spring-aop-6.1.3.jar;C:\Users\wlsrl\.gradle\caches\modules-2\files-2.1\org.springframework\spring-beans\6.1.3\c2df4210e796d3a27efc1f22621aa4e2c6cd985f\spring-beans-6.1.3.jar;C:\Users\wlsrl\.gradle\caches\modules-2\files-2.1\org.springframework\spring-expression\6.1.3\7c35fc3d7525a024fdde8a5d7597a6a8a4e59d7\spring-expression-6.1.3.jar;C:\Users\wlsrl\.gradle\caches\modules-2\files-2.1\org.springframework\spring-core\6.1.3\a002e96e780954cc3ac4cd70fd3bb16accdc47ed\spring-core-6.1.3.jar;C:\Users\wlsrl\.gradle\caches\modules-2\files-2.1\org.xmlunit\xmlunit-core\2.9.1\e5833662d9a1279a37da3ef6f62a1da29fcd68c4\xmlunit-core-2.9.1.jar;C:\Users\wlsrl\.gradle\caches\modules-2\files-2.1\org.springframework.boot\spring-boot-starter-logging\3.2.2\3347c3b1cec6cf2d5fa186d1e49d2f378a6b7cae\spring-boot-starter-logging-3.2.2.jar;C:\Users\wlsrl\.gradle\caches\modules-2\files-2.1\jakarta.annotation\jakarta.annotation-api\2.1.1\48b9bda22b091b1f48b13af03fe36db3be6e1ae3\jakarta.annotation-api-2.1.1.jar;C:\Users\wlsrl\.gradle\caches\modules-2\files-2.1\org.yaml\snakeyaml\2.2\3af797a25458550a16bf89acc8e4ab2b7f2bfce0\snakeyaml-2.2.jar;C:\Users\wlsrl\.gradle\caches\modules-2\files-2.1\ch.qos.logback\logback-classic\1.4.14\d98bc162275134cdf1518774da4a2a17ef6fb94d\logback-classic-1.4.14.jar;C:\Users\wlsrl\.gradle\caches\modules-2\files-2.1\org.apache.logging.log4j\log4j-to-slf4j\2.21.1\d77b2ba81711ed596cd797cc2b5b5bd7409d841c\log4j-to-slf4j-2.21.1.jar;C:\Users\wlsrl\.gradle\caches\modules-2\files-2.1\org.slf4j\jul-to-slf4j\2.0.11\279356f8e873b1a26badd8bbb3284b5c3b22c770\jul-to-slf4j-2.0.11.jar;C:\Users\wlsrl\.gradle\caches\modules-2\files-2.1\org.slf4j\slf4j-api\2.0.11\ad96c3f8cf895e696dd35c2bc8e8ebe710be9e6d\slf4j-api-2.0.11.jar;C:\Users\wlsrl\.gradle\caches\modules-2\files-2.1\jakarta.activation\jakarta.activation-api\2.1.2\640c0d5aff45dbff1e1a1bc09673ff3a02b1ba12\jakarta.activation-api-2.1.2.jar;C:\Users\wlsrl\.gradle\caches\modules-2\files-2.1\net.minidev\accessors-smart\2.5.0\aca011492dfe9c26f4e0659028a4fe0970829dd8\accessors-smart-2.5.0.jar;C:\Users\wlsrl\.gradle\caches\modules-2\files-2.1\net.bytebuddy\byte-buddy\1.14.11\725602eb7c8c56b51b9c21f273f9df5c909d9e7d\byte-buddy-1.14.11.jar;C:\Users\wlsrl\.gradle\caches\modules-2\files-2.1\net.bytebuddy\byte-buddy-agent\1.14.11\f9cb566608fbac6bc7bf54901a7aa11543a989ee\byte-buddy-agent-1.14.11.jar;C:\Users\wlsrl\.gradle\caches\modules-2\files-2.1\org.objenesis\objenesis\3.3\1049c09f1de4331e8193e579448d0916d75b7631\objenesis-3.3.jar;C:\Users\wlsrl\.gradle\caches\modules-2\files-2.1\com.vaadin.external.google\android-json\0.0.20131108.vaadin1\fa26d351fe62a6a17f5cda1287c1c6110dec413f\android-json-0.0.20131108.vaadin1.jar;C:\Users\wlsrl\.gradle\caches\modules-2\files-2.1\org.springframework\spring-jcl\6.1.3\a715e091ee86243ee94534a03f3c26b4e48de31e\spring-jcl-6.1.3.jar;C:\Users\wlsrl\.gradle\caches\modules-2\files-2.1\org.ow2.asm\asm\9.3\8e6300ef51c1d801a7ed62d07cd221aca3a90640\asm-9.3.jar;C:\Users\wlsrl\.gradle\caches\modules-2\files-2.1\org.opentest4j\opentest4j\1.3.0\152ea56b3a72f655d4fd677fc0ef2596c3dd5e6e\opentest4j-1.3.0.jar;C:\Users\wlsrl\.gradle\caches\modules-2\files-2.1\io.micrometer\micrometer-observation\1.12.2\e082b05a2527fc24ea6fbe4c4b7ae34653aace81\micrometer-observation-1.12.2.jar;C:\Users\wlsrl\.gradle\caches\modules-2\files-2.1\ch.qos.logback\logback-core\1.4.14\4d3c2248219ac0effeb380ed4c5280a80bf395e8\logback-core-1.4.14.jar;C:\Users\wlsrl\.gradle\caches\modules-2\files-2.1\org.apache.logging.log4j\log4j-api\2.21.1\74c65e87b9ce1694a01524e192d7be989ba70486\log4j-api-2.21.1.jar;C:\Users\wlsrl\.gradle\caches\modules-2\files-2.1\io.micrometer\micrometer-commons\1.12.2\b44127d8ec7b3ef11a01912d1e6474e1167f3929\micrometer-commons-1.12.2.jar;C:\Users\wlsrl\.gradle\wrapper\dists\gradle-8.5-bin\5t9huq95ubn472n8rpzujfbqh\gradle-8.5\lib\plugins\junit-platform-engine-1.8.2.jar;C:\Users\wlsrl\.gradle\wrapper\dists\gradle-8.5-bin\5t9huq95ubn472n8rpzujfbqh\gradle-8.5\lib\plugins\junit-platform-launcher-1.8.2.jar;C:\Users\wlsrl\.gradle\wrapper\dists\gradle-8.5-bin\5t9huq95ubn472n8rpzujfbqh\gradle-8.5\lib\plugins\junit-platform-commons-1.8.2.jar
Launcher Type: SUN_STANDARD

[Global flags]
     intx CICompilerCount                          = 4                                         {product} {ergonomic}
     uint ConcGCThreads                            = 3                                         {product} {ergonomic}
     uint G1ConcRefinementThreads                  = 10                                        {product} {ergonomic}
   size_t G1HeapRegionSize                         = 1048576                                   {product} {ergonomic}
    uintx GCDrainStackTargetSize                   = 64                                        {product} {ergonomic}
   size_t InitialHeapSize                          = 266338304                                 {product} {ergonomic}
   size_t MarkStackSize                            = 4194304                                   {product} {ergonomic}
   size_t MaxHeapSize                              = 536870912                                 {product} {command line}
   size_t MinHeapDeltaBytes                        = 1048576                                   {product} {ergonomic}
   size_t MinHeapSize                              = 8388608                                   {product} {ergonomic}
    uintx NonNMethodCodeHeapSize                   = 5839372                                {pd product} {ergonomic}
    uintx NonProfiledCodeHeapSize                  = 122909434                              {pd product} {ergonomic}
    uintx ProfiledCodeHeapSize                     = 122909434                              {pd product} {ergonomic}
    uintx ReservedCodeCacheSize                    = 251658240                              {pd product} {ergonomic}
     bool SegmentedCodeCache                       = true                                      {product} {ergonomic}
   size_t SoftMaxHeapSize                          = 536870912                              {manageable} {ergonomic}
     bool UseCompressedOops                        = true                           {product lp64_product} {ergonomic}
     bool UseG1GC                                  = true                                      {product} {ergonomic}
     bool UseLargePagesIndividualAllocation        = false                                  {pd product} {ergonomic}

Logging:
Log output configuration:
 #0: stdout all=warning uptime,level,tags foldmultilines=false
 #1: stderr all=off uptime,level,tags foldmultilines=false

Environment Variables:
JAVA_HOME=C:\Program Files\Java\jdk-11.0.20
CLASSPATH=C:\Program Files\Java\jdk-11.0.20\lib
PATH=C:\Program Files\Common Files\Oracle\Java\javapath;C:\Program Files\Java\jdk-8.0.382.5-hotspot\bin;"C:\Program Files\Java\jdk-11.0.20\bin;C:\Program Files\Java\jdk-8.0.382.5-hotspot\bin";C:\WINDOWS\system32;C:\WINDOWS;C:\WINDOWS\System32\Wbem;C:\WINDOWS\System32\WindowsPowerShell\v1.0\;C:\WINDOWS\System32\OpenSSH\;C:\Program Files\TortoiseGit\bin;C:\Program Files\dotnet\;C:\Program Files (x86)\ePapyrus\Papyrus-PlugIn-web;C:\Program Files (x86)\ePapyrus\Papyrus-PlugIn-web\Addins;C:\Program Files\Git\cmd;C:\Program Files\Docker\Docker\resources\bin;C:\Users\wlsrl\AppData\Local\Microsoft\WindowsApps;C:\Users\wlsrl\AppData\Local\Programs\Microsoft VS Code\bin;C:\Program Files\JetBrains\IntelliJ IDEA Community Edition 2023.2\bin;;C:\Program Files\MariaDB 11.4\bin;
USERNAME=wlsrl
OS=Windows_NT
PROCESSOR_IDENTIFIER=Intel64 Family 6 Model 151 Stepping 5, GenuineIntel
TMP=C:\Users\wlsrl\AppData\Local\Temp
TEMP=C:\Users\wlsrl\AppData\Local\Temp




Periodic native trim disabled

---------------  S Y S T E M  ---------------

OS:
 Windows 11 , 64 bit Build 22621 (10.0.22621.3085)
OS uptime: 7 days 14:05 hours
Hyper-V role detected

CPU: total 12 (initial active 12) (6 cores per cpu, 2 threads per core) family 6 model 151 stepping 5 microcode 0x18, cx8, cmov, fxsr, ht, mmx, 3dnowpref, sse, sse2, sse3, ssse3, sse4.1, sse4.2, popcnt, lzcnt, tsc, tscinvbit, avx, avx2, aes, erms, clmul, bmi1, bmi2, adx, sha, fma, vzeroupper, clflush, clflushopt, clwb, hv, serialize, rdtscp, rdpid, fsrm, f16c, cet_ibt, cet_ss
Processor Information for all 12 processors :
  Max Mhz: 2500, Current Mhz: 2500, Mhz Limit: 2500

Memory: 4k page, system-wide physical 16194M (4456M free)
TotalPageFile size 24386M (AvailPageFile size 231M)
current process WorkingSet (physical memory assigned to process): 11M, peak: 11M
current process commit charge ("private bytes"): 64M, peak: 317M

vm_info: OpenJDK 64-Bit Server VM (21.0.2+13-58) for windows-amd64 JRE (21.0.2+13-58), built on 2024-01-05T18:32:24Z by "mach5one" with MS VC++ 17.1 (VS2022)

END.
